mode: set
github.com/yangchenxing/go-map2struct/map.go:45.48,47.2 1 1
github.com/yangchenxing/go-map2struct/map.go:49.47,50.37 1 1
github.com/yangchenxing/go-map2struct/map.go:53.2,53.21 1 1
github.com/yangchenxing/go-map2struct/map.go:59.2,59.20 1 1
github.com/yangchenxing/go-map2struct/map.go:64.2,65.21 2 1
github.com/yangchenxing/go-map2struct/map.go:87.2,87.28 1 1
github.com/yangchenxing/go-map2struct/map.go:90.2,90.35 1 1
github.com/yangchenxing/go-map2struct/map.go:50.37,52.3 1 1
github.com/yangchenxing/go-map2struct/map.go:54.2,55.34 1 1
github.com/yangchenxing/go-map2struct/map.go:56.2,57.38 1 1
github.com/yangchenxing/go-map2struct/map.go:59.20,60.84 1 1
github.com/yangchenxing/go-map2struct/map.go:60.84,62.4 1 0
github.com/yangchenxing/go-map2struct/map.go:66.2,67.34 1 1
github.com/yangchenxing/go-map2struct/map.go:68.2,69.33 1 1
github.com/yangchenxing/go-map2struct/map.go:70.2,71.35 1 1
github.com/yangchenxing/go-map2struct/map.go:72.2,73.35 1 1
github.com/yangchenxing/go-map2struct/map.go:74.2,75.33 1 1
github.com/yangchenxing/go-map2struct/map.go:76.2,77.35 1 1
github.com/yangchenxing/go-map2struct/map.go:78.2,79.36 1 1
github.com/yangchenxing/go-map2struct/map.go:80.2,81.36 1 1
github.com/yangchenxing/go-map2struct/map.go:82.2,83.33 1 0
github.com/yangchenxing/go-map2struct/map.go:84.2,85.39 1 1
github.com/yangchenxing/go-map2struct/map.go:87.28,89.3 1 0
github.com/yangchenxing/go-map2struct/map.go:93.51,94.20 1 1
github.com/yangchenxing/go-map2struct/map.go:106.2,106.36 1 0
github.com/yangchenxing/go-map2struct/map.go:95.2,97.13 2 1
github.com/yangchenxing/go-map2struct/map.go:98.2,100.17 2 1
github.com/yangchenxing/go-map2struct/map.go:103.3,104.13 2 1
github.com/yangchenxing/go-map2struct/map.go:100.17,102.4 1 0
github.com/yangchenxing/go-map2struct/map.go:109.50,112.58 3 1
github.com/yangchenxing/go-map2struct/map.go:147.2,147.12 1 1
github.com/yangchenxing/go-map2struct/map.go:112.58,113.10 1 1
github.com/yangchenxing/go-map2struct/map.go:114.3,115.26 1 1
github.com/yangchenxing/go-map2struct/map.go:116.3,117.34 1 1
github.com/yangchenxing/go-map2struct/map.go:118.3,119.35 1 0
github.com/yangchenxing/go-map2struct/map.go:120.3,122.18 2 1
github.com/yangchenxing/go-map2struct/map.go:125.4,125.25 1 1
github.com/yangchenxing/go-map2struct/map.go:126.3,127.37 1 0
github.com/yangchenxing/go-map2struct/map.go:122.18,124.5 1 0
github.com/yangchenxing/go-map2struct/map.go:129.3,130.10 1 1
github.com/yangchenxing/go-map2struct/map.go:131.3,132.35 1 0
github.com/yangchenxing/go-map2struct/map.go:133.3,134.28 1 1
github.com/yangchenxing/go-map2struct/map.go:135.3,136.37 1 0
github.com/yangchenxing/go-map2struct/map.go:137.3,139.18 2 1
github.com/yangchenxing/go-map2struct/map.go:142.4,142.34 1 1
github.com/yangchenxing/go-map2struct/map.go:143.3,144.37 1 0
github.com/yangchenxing/go-map2struct/map.go:139.18,141.5 1 0
github.com/yangchenxing/go-map2struct/map.go:150.52,152.9 2 1
github.com/yangchenxing/go-map2struct/map.go:179.2,179.12 1 1
github.com/yangchenxing/go-map2struct/map.go:153.2,154.36 1 0
github.com/yangchenxing/go-map2struct/map.go:155.2,156.37 1 0
github.com/yangchenxing/go-map2struct/map.go:157.2,158.29 1 1
github.com/yangchenxing/go-map2struct/map.go:159.2,161.20 2 0
github.com/yangchenxing/go-map2struct/map.go:176.2,177.42 1 0
github.com/yangchenxing/go-map2struct/map.go:161.20,163.4 1 0
github.com/yangchenxing/go-map2struct/map.go:163.4,163.54 1 0
github.com/yangchenxing/go-map2struct/map.go:163.54,165.18 2 0
github.com/yangchenxing/go-map2struct/map.go:168.4,168.35 1 0
github.com/yangchenxing/go-map2struct/map.go:165.18,167.5 1 0
github.com/yangchenxing/go-map2struct/map.go:169.4,171.18 2 0
github.com/yangchenxing/go-map2struct/map.go:174.4,174.29 1 0
github.com/yangchenxing/go-map2struct/map.go:171.18,173.5 1 0
github.com/yangchenxing/go-map2struct/map.go:182.52,184.58 2 1
github.com/yangchenxing/go-map2struct/map.go:189.2,189.29 1 1
github.com/yangchenxing/go-map2struct/map.go:184.58,186.3 1 0
github.com/yangchenxing/go-map2struct/map.go:186.3,186.36 1 1
github.com/yangchenxing/go-map2struct/map.go:186.36,188.3 1 0
github.com/yangchenxing/go-map2struct/map.go:192.56,194.20 1 1
github.com/yangchenxing/go-map2struct/map.go:204.2,204.34 1 1
github.com/yangchenxing/go-map2struct/map.go:208.2,208.63 1 1
github.com/yangchenxing/go-map2struct/map.go:215.2,215.12 1 1
github.com/yangchenxing/go-map2struct/map.go:195.2,196.36 1 1
github.com/yangchenxing/go-map2struct/map.go:200.2,202.13 2 0
github.com/yangchenxing/go-map2struct/map.go:196.36,199.4 2 0
github.com/yangchenxing/go-map2struct/map.go:204.34,207.3 2 0
github.com/yangchenxing/go-map2struct/map.go:208.63,210.3 1 0
github.com/yangchenxing/go-map2struct/map.go:210.3,210.76 1 1
github.com/yangchenxing/go-map2struct/map.go:210.76,212.3 1 1
github.com/yangchenxing/go-map2struct/map.go:212.3,214.3 1 1
github.com/yangchenxing/go-map2struct/map.go:218.50,219.78 1 1
github.com/yangchenxing/go-map2struct/map.go:222.2,222.31 1 1
github.com/yangchenxing/go-map2struct/map.go:225.2,225.18 1 1
github.com/yangchenxing/go-map2struct/map.go:228.2,230.39 3 1
github.com/yangchenxing/go-map2struct/map.go:243.2,243.12 1 1
github.com/yangchenxing/go-map2struct/map.go:219.78,221.3 1 0
github.com/yangchenxing/go-map2struct/map.go:222.31,224.3 1 0
github.com/yangchenxing/go-map2struct/map.go:225.18,227.3 1 1
github.com/yangchenxing/go-map2struct/map.go:230.39,232.52 2 1
github.com/yangchenxing/go-map2struct/map.go:236.3,237.68 2 1
github.com/yangchenxing/go-map2struct/map.go:241.3,241.39 1 1
github.com/yangchenxing/go-map2struct/map.go:232.52,235.4 1 0
github.com/yangchenxing/go-map2struct/map.go:237.68,240.4 1 0
github.com/yangchenxing/go-map2struct/map.go:246.50,247.18 1 0
github.com/yangchenxing/go-map2struct/map.go:250.2,251.33 2 0
github.com/yangchenxing/go-map2struct/map.go:258.2,258.12 1 0
github.com/yangchenxing/go-map2struct/map.go:247.18,249.3 1 0
github.com/yangchenxing/go-map2struct/map.go:251.33,253.58 2 0
github.com/yangchenxing/go-map2struct/map.go:256.3,256.39 1 0
github.com/yangchenxing/go-map2struct/map.go:253.58,255.4 1 0
github.com/yangchenxing/go-map2struct/map.go:261.52,263.58 2 1
github.com/yangchenxing/go-map2struct/map.go:266.2,266.28 1 1
github.com/yangchenxing/go-map2struct/map.go:269.2,269.29 1 1
github.com/yangchenxing/go-map2struct/map.go:263.58,265.3 1 0
github.com/yangchenxing/go-map2struct/map.go:266.28,268.3 1 1
github.com/yangchenxing/go-map2struct/map.go:272.53,273.34 1 1
github.com/yangchenxing/go-map2struct/map.go:276.2,277.12 2 1
github.com/yangchenxing/go-map2struct/map.go:273.34,275.3 1 0
github.com/yangchenxing/go-map2struct/map.go:280.53,281.31 1 1
github.com/yangchenxing/go-map2struct/map.go:285.2,286.9 2 1
github.com/yangchenxing/go-map2struct/map.go:290.2,291.38 2 1
github.com/yangchenxing/go-map2struct/map.go:322.2,322.12 1 1
github.com/yangchenxing/go-map2struct/map.go:281.31,284.3 2 0
github.com/yangchenxing/go-map2struct/map.go:286.9,288.3 1 0
github.com/yangchenxing/go-map2struct/map.go:291.38,293.22 2 1
github.com/yangchenxing/go-map2struct/map.go:300.3,301.13 2 1
github.com/yangchenxing/go-map2struct/map.go:304.3,304.28 1 1
github.com/yangchenxing/go-map2struct/map.go:293.22,294.56 1 0
github.com/yangchenxing/go-map2struct/map.go:298.4,298.12 1 0
github.com/yangchenxing/go-map2struct/map.go:294.56,297.5 1 0
github.com/yangchenxing/go-map2struct/map.go:301.13,302.12 1 0
github.com/yangchenxing/go-map2struct/map.go:305.3,306.29 1 1
github.com/yangchenxing/go-map2struct/map.go:309.4,309.82 1 1
github.com/yangchenxing/go-map2struct/map.go:312.3,313.84 1 1
github.com/yangchenxing/go-map2struct/map.go:316.3,317.75 1 1
github.com/yangchenxing/go-map2struct/map.go:306.29,308.5 1 1
github.com/yangchenxing/go-map2struct/map.go:309.82,311.5 1 0
github.com/yangchenxing/go-map2struct/map.go:313.84,315.5 1 0
github.com/yangchenxing/go-map2struct/map.go:317.75,319.5 1 0
github.com/yangchenxing/go-map2struct/map.go:325.50,326.18 1 0
github.com/yangchenxing/go-map2struct/map.go:329.2,329.47 1 0
github.com/yangchenxing/go-map2struct/map.go:326.18,328.3 1 0
github.com/yangchenxing/go-map2struct/map.go:332.76,333.34 1 0
github.com/yangchenxing/go-map2struct/map.go:338.2,338.38 1 0
github.com/yangchenxing/go-map2struct/map.go:333.34,335.3 1 0
github.com/yangchenxing/go-map2struct/map.go:335.3,335.54 1 0
github.com/yangchenxing/go-map2struct/map.go:335.54,337.3 1 0
github.com/yangchenxing/go-map2struct/map.go:341.51,342.34 1 1
github.com/yangchenxing/go-map2struct/map.go:345.2,346.37 2 1
github.com/yangchenxing/go-map2struct/map.go:354.2,354.52 1 0
github.com/yangchenxing/go-map2struct/map.go:342.34,344.3 1 0
github.com/yangchenxing/go-map2struct/map.go:346.37,347.31 1 1
github.com/yangchenxing/go-map2struct/map.go:347.31,348.62 1 1
github.com/yangchenxing/go-map2struct/map.go:348.62,351.5 2 1
github.com/yangchenxing/go-map2struct/map.go:357.55,358.34 1 1
github.com/yangchenxing/go-map2struct/map.go:361.2,362.23 2 1
github.com/yangchenxing/go-map2struct/map.go:372.2,372.49 1 0
github.com/yangchenxing/go-map2struct/map.go:358.34,360.3 1 0
github.com/yangchenxing/go-map2struct/map.go:362.23,365.3 2 0
github.com/yangchenxing/go-map2struct/map.go:365.3,365.31 1 1
github.com/yangchenxing/go-map2struct/map.go:365.31,368.3 2 0
github.com/yangchenxing/go-map2struct/map.go:368.3,368.71 1 1
github.com/yangchenxing/go-map2struct/map.go:368.71,371.3 2 1
github.com/yangchenxing/go-map2struct/map.go:375.47,376.17 1 1
github.com/yangchenxing/go-map2struct/map.go:383.2,383.39 1 1
github.com/yangchenxing/go-map2struct/map.go:376.17,378.3 1 0
github.com/yangchenxing/go-map2struct/map.go:378.3,378.41 1 1
github.com/yangchenxing/go-map2struct/map.go:378.41,380.3 1 0
github.com/yangchenxing/go-map2struct/map.go:380.3,380.42 1 1
github.com/yangchenxing/go-map2struct/map.go:380.42,382.3 1 0
github.com/yangchenxing/go-map2struct/map.go:386.49,387.17 1 1
github.com/yangchenxing/go-map2struct/map.go:394.2,394.40 1 0
github.com/yangchenxing/go-map2struct/map.go:387.17,389.3 1 0
github.com/yangchenxing/go-map2struct/map.go:389.3,389.42 1 1
github.com/yangchenxing/go-map2struct/map.go:389.42,391.3 1 1
github.com/yangchenxing/go-map2struct/map.go:391.3,391.41 1 1
github.com/yangchenxing/go-map2struct/map.go:391.41,393.3 1 1
github.com/yangchenxing/go-map2struct/map.go:397.47,398.44 1 1
github.com/yangchenxing/go-map2struct/map.go:403.2,403.12 1 1
github.com/yangchenxing/go-map2struct/map.go:398.44,399.64 1 1
github.com/yangchenxing/go-map2struct/map.go:399.64,401.4 1 0
github.com/yangchenxing/go-map2struct/map.go:406.46,408.2 1 1
github.com/yangchenxing/go-map2struct/map.go:410.50,411.33 1 1
github.com/yangchenxing/go-map2struct/map.go:420.2,420.19 1 1
github.com/yangchenxing/go-map2struct/map.go:423.2,423.42 1 1
github.com/yangchenxing/go-map2struct/map.go:411.33,412.22 1 1
github.com/yangchenxing/go-map2struct/map.go:418.3,418.15 1 1
github.com/yangchenxing/go-map2struct/map.go:412.22,414.62 2 1
github.com/yangchenxing/go-map2struct/map.go:414.62,416.5 1 0
github.com/yangchenxing/go-map2struct/map.go:420.19,422.3 1 1
github.com/yangchenxing/go-map2struct/map.go:426.58,429.2 1 0
github.com/yangchenxing/go-map2struct/factory.go:23.39,24.20 1 1
github.com/yangchenxing/go-map2struct/factory.go:24.20,26.3 1 1
github.com/yangchenxing/go-map2struct/factory.go:30.90,32.52 2 1
github.com/yangchenxing/go-map2struct/factory.go:35.2,35.59 1 0
github.com/yangchenxing/go-map2struct/factory.go:32.52,34.3 1 1
github.com/yangchenxing/go-map2struct/factory.go:38.43,39.37 1 1
github.com/yangchenxing/go-map2struct/factory.go:42.2,42.19 1 0
github.com/yangchenxing/go-map2struct/factory.go:39.37,41.3 1 1
github.com/yangchenxing/go-map2struct/factory.go:56.139,63.2 1 1
github.com/yangchenxing/go-map2struct/factory.go:66.94,68.2 1 1
github.com/yangchenxing/go-map2struct/factory.go:71.72,73.2 1 1
github.com/yangchenxing/go-map2struct/factory.go:76.98,78.75 2 1
github.com/yangchenxing/go-map2struct/factory.go:87.2,87.53 1 1
github.com/yangchenxing/go-map2struct/factory.go:90.2,90.32 1 1
github.com/yangchenxing/go-map2struct/factory.go:95.2,95.22 1 1
github.com/yangchenxing/go-map2struct/factory.go:78.75,80.3 1 0
github.com/yangchenxing/go-map2struct/factory.go:80.3,80.67 1 1
github.com/yangchenxing/go-map2struct/factory.go:80.67,82.3 1 1
github.com/yangchenxing/go-map2struct/factory.go:82.3,82.47 1 1
github.com/yangchenxing/go-map2struct/factory.go:82.47,84.3 1 0
github.com/yangchenxing/go-map2struct/factory.go:84.3,86.3 1 1
github.com/yangchenxing/go-map2struct/factory.go:87.53,89.3 1 0
github.com/yangchenxing/go-map2struct/factory.go:90.32,91.55 1 1
github.com/yangchenxing/go-map2struct/factory.go:91.55,93.4 1 0
